#
# There is insufficient memory for the Java Runtime Environment to continue.
# Native memory allocation (malloc) failed to allocate 1577136 bytes for Chunk::new
# Possible reasons:
#   The system is out of physical RAM or swap space
#   The process is running with CompressedOops enabled, and the Java Heap may be blocking the growth of the native heap
# Possible solutions:
#   Reduce memory load on the system
#   Increase physical memory or swap space
#   Check if swap backing store is full
#   Decrease Java heap size (-Xmx/-Xms)
#   Decrease number of Java threads
#   Decrease Java thread stack sizes (-Xss)
#   Set larger code cache with -XX:ReservedCodeCacheSize=
#   JVM is running with Unscaled Compressed Oops mode in which the Java heap is
#     placed in the first 4GB address space. The Java Heap base address is the
#     maximum limit for the native heap growth. Please use -XX:HeapBaseMinAddress
#     to set the Java Heap base and to place the Java Heap above 4GB virtual address.
# This output file may be truncated or incomplete.
#
#  Out of Memory Error (./src/hotspot/share/memory/arena.cpp:197), pid=920, tid=11992
#
# JRE version: OpenJDK Runtime Environment Microsoft-7208460 (11.0.18+10) (build 11.0.18+10-LTS)
# Java VM: OpenJDK 64-Bit Server VM Microsoft-7208460 (11.0.18+10-LTS, mixed mode, tiered, compressed oops, g1 gc, windows-amd64)
# No core dump will be written. Minidumps are not enabled by default on client versions of Windows
#

---------------  S U M M A R Y ------------

Command Line: -Xmx64m -Xms64m -Dorg.gradle.appname=gradlew org.gradle.wrapper.GradleWrapperMain app:installDebug -PreactNativeDevServerPort=8081

Host: Intel(R) Core(TM) i5-4200U CPU @ 1.60GHz, 4 cores, 7G,  Windows 10 , 64 bit Build 19041 (10.0.19041.2364)
Time: Mon Feb  6 23:20:59 2023 Pakistan Standard Time elapsed time: 1.629500 seconds (0d 0h 0m 1s)

---------------  T H R E A D  ---------------

Current thread (0x000002729bcc9000):  JavaThread "C2 CompilerThread1" daemon [_thread_in_native, id=11992, stack(0x000000ab3cc00000,0x000000ab3cd00000)]


Current CompileTask:
C2:   1629  991       4       jdk.internal.loader.URLClassPath::getResource (74 bytes)

Stack: [0x000000ab3cc00000,0x000000ab3cd00000]
Native frames: (J=compiled Java code, j=interpreted, Vv=VM code, C=native code)
V  [jvm.dll+0x62bf8a]
V  [jvm.dll+0x7b8fb9]
V  [jvm.dll+0x7ba6a8]
V  [jvm.dll+0x7bad83]
V  [jvm.dll+0x250248]
V  [jvm.dll+0xc260c]
V  [jvm.dll+0xc2bcc]
V  [jvm.dll+0x35e1c7]
V  [jvm.dll+0x32a373]
V  [jvm.dll+0x3296aa]
V  [jvm.dll+0x2093b3]
V  [jvm.dll+0x20850d]
V  [jvm.dll+0x18a4b1]
V  [jvm.dll+0x217eec]
V  [jvm.dll+0x21612b]
V  [jvm.dll+0x77bac0]
V  [jvm.dll+0x7749f4]
V  [jvm.dll+0x62adf5]
C  [ucrtbase.dll+0x21bb2]
C  [KERNEL32.DLL+0x17614]
C  [ntdll.dll+0x526a1]


---------------  P R O C E S S  ---------------

Threads class SMR info:
_java_thread_list=0x000002729b607170, length=12, elements={
0x00000272fa9b2800, 0x000002729acd8000, 0x000002729ad01800, 0x000002729ad5b800,
0x000002729ad5d800, 0x000002729ad5e800, 0x000002729ad62800, 0x000002729ad6e800,
0x000002729ad79800, 0x000002729aff1000, 0x000002729bcc9000, 0x000002729bc09000
}

Java Threads: ( => current thread )
  0x00000272fa9b2800 JavaThread "main" [_thread_in_native, id=16900, stack(0x000000ab3ba00000,0x000000ab3bb00000)]
  0x000002729acd8000 JavaThread "Reference Handler" daemon [_thread_blocked, id=11884, stack(0x000000ab3c100000,0x000000ab3c200000)]
  0x000002729ad01800 JavaThread "Finalizer" daemon [_thread_blocked, id=8980, stack(0x000000ab3c200000,0x000000ab3c300000)]
  0x000002729ad5b800 JavaThread "Signal Dispatcher" daemon [_thread_blocked, id=6268, stack(0x000000ab3c300000,0x000000ab3c400000)]
  0x000002729ad5d800 JavaThread "Attach Listener" daemon [_thread_blocked, id=17128, stack(0x000000ab3c400000,0x000000ab3c500000)]
  0x000002729ad5e800 JavaThread "Service Thread" daemon [_thread_blocked, id=12496, stack(0x000000ab3c500000,0x000000ab3c600000)]
  0x000002729ad62800 JavaThread "C2 CompilerThread0" daemon [_thread_in_native, id=14880, stack(0x000000ab3c600000,0x000000ab3c700000)]
  0x000002729ad6e800 JavaThread "C1 CompilerThread0" daemon [_thread_blocked, id=20324, stack(0x000000ab3c700000,0x000000ab3c800000)]
  0x000002729ad79800 JavaThread "Sweeper thread" daemon [_thread_blocked, id=16420, stack(0x000000ab3c800000,0x000000ab3c900000)]
  0x000002729aff1000 JavaThread "Common-Cleaner" daemon [_thread_blocked, id=20340, stack(0x000000ab3ca00000,0x000000ab3cb00000)]
=>0x000002729bcc9000 JavaThread "C2 CompilerThread1" daemon [_thread_in_native, id=11992, stack(0x000000ab3cc00000,0x000000ab3cd00000)]
  0x000002729bc09000 JavaThread "pool-1-thread-1" [_thread_blocked, id=16188, stack(0x000000ab3cd00000,0x000000ab3ce00000)]

Other Threads:
  0x000002729acd4000 VMThread "VM Thread" [stack: 0x000000ab3c000000,0x000000ab3c100000] [id=16152]
  0x000002729afe8800 WatcherThread [stack: 0x000000ab3c900000,0x000000ab3ca00000] [id=19896]
  0x00000272fa9cb000 GCTaskThread "GC Thread#0" [stack: 0x000000ab3bb00000,0x000000ab3bc00000] [id=4128]
  0x000002729b4bf800 GCTaskThread "GC Thread#1" [stack: 0x000000ab3cb00000,0x000000ab3cc00000] [id=18388]
  0x00000272fa9d4000 ConcurrentGCThread "G1 Main Marker" [stack: 0x000000ab3bc00000,0x000000ab3bd00000] [id=16380]
  0x00000272fa9d5000 ConcurrentGCThread "G1 Conc#0" [stack: 0x000000ab3bd00000,0x000000ab3be00000] [id=18608]
  0x00000272faa2b000 ConcurrentGCThread "G1 Refine#0" [stack: 0x000000ab3be00000,0x000000ab3bf00000] [id=13000]
  0x00000272faa2c000 ConcurrentGCThread "G1 Young RemSet Sampling" [stack: 0x000000ab3bf00000,0x000000ab3c000000] [id=4872]

Threads with active compile tasks:
C2 CompilerThread0     1682 1018       4       jdk.internal.util.jar.JarIndex::get (49 bytes)
C2 CompilerThread1     1682  991       4       jdk.internal.loader.URLClassPath::getResource (74 bytes)

VM state:not at safepoint (normal execution)

VM Mutex/Monitor currently owned by a thread: None

Heap address: 0x00000000fc000000, size: 64 MB, Compressed Oops mode: 32-bit
Narrow klass base: 0x0000000000000000, Narrow klass shift: 3
Compressed class space size: 1073741824 Address: 0x0000000100000000

Heap:
 garbage-first heap   total 65536K, used 21665K [0x00000000fc000000, 0x0000000100000000)
  region size 1024K, 15 young (15360K), 2 survivors (2048K)
 Metaspace       used 13142K, capacity 13469K, committed 13696K, reserved 1060864K
  class space    used 1478K, capacity 1599K, committed 1664K, reserved 1048576K
Heap Regions: E=young(eden), S=young(survivor), O=old, HS=humongous(starts), HC=humongous(continues), CS=collection set, F=free, A=archive, TAMS=top-at-mark-start (previous, next)
|   0|0x00000000fc000000, 0x00000000fc100000, 0x00000000fc100000|100%|HS|  |TAMS 0x00000000fc000000, 0x00000000fc000000| Complete 
|   1|0x00000000fc100000, 0x00000000fc200000, 0x00000000fc200000|100%|HC|  |TAMS 0x00000000fc100000, 0x00000000fc100000| Complete 
|   2|0x00000000fc200000, 0x00000000fc300000, 0x00000000fc300000|100%|HC|  |TAMS 0x00000000fc200000, 0x00000000fc200000| Complete 
|   3|0x00000000fc300000, 0x00000000fc400000, 0x00000000fc400000|100%| O|  |TAMS 0x00000000fc300000, 0x00000000fc300000| Untracked 
|   4|0x00000000fc400000, 0x00000000fc500000, 0x00000000fc500000|100%| O|  |TAMS 0x00000000fc400000, 0x00000000fc400000| Untracked 
|   5|0x00000000fc500000, 0x00000000fc600000, 0x00000000fc600000|100%| O|  |TAMS 0x00000000fc500000, 0x00000000fc500000| Untracked 
|   6|0x00000000fc600000, 0x00000000fc700000, 0x00000000fc700000|100%| O|  |TAMS 0x00000000fc600000, 0x00000000fc600000| Untracked 
|   7|0x00000000fc700000, 0x00000000fc728400, 0x00000000fc800000| 15%| O|  |TAMS 0x00000000fc700000, 0x00000000fc700000| Untracked 
|   8|0x00000000fc800000, 0x00000000fc800000, 0x00000000fc900000|  0%| F|  |TAMS 0x00000000fc800000, 0x00000000fc800000| Untracked 
|   9|0x00000000fc900000, 0x00000000fc900000, 0x00000000fca00000|  0%| F|  |TAMS 0x00000000fc900000, 0x00000000fc900000| Untracked 
|  10|0x00000000fca00000, 0x00000000fca00000, 0x00000000fcb00000|  0%| F|  |TAMS 0x00000000fca00000, 0x00000000fca00000| Untracked 
|  11|0x00000000fcb00000, 0x00000000fcb00000, 0x00000000fcc00000|  0%| F|  |TAMS 0x00000000fcb00000, 0x00000000fcb00000| Untracked 
|  12|0x00000000fcc00000, 0x00000000fcc00000, 0x00000000fcd00000|  0%| F|  |TAMS 0x00000000fcc00000, 0x00000000fcc00000| Untracked 
|  13|0x00000000fcd00000, 0x00000000fcd00000, 0x00000000fce00000|  0%| F|  |TAMS 0x00000000fcd00000, 0x00000000fcd00000| Untracked 
|  14|0x00000000fce00000, 0x00000000fce00000, 0x00000000fcf00000|  0%| F|  |TAMS 0x00000000fce00000, 0x00000000fce00000| Untracked 
|  15|0x00000000fcf00000, 0x00000000fcf00000, 0x00000000fd000000|  0%| F|  |TAMS 0x00000000fcf00000, 0x00000000fcf00000| Untracked 
|  16|0x00000000fd000000, 0x00000000fd000000, 0x00000000fd100000|  0%| F|  |TAMS 0x00000000fd000000, 0x00000000fd000000| Untracked 
|  17|0x00000000fd100000, 0x00000000fd100000, 0x00000000fd200000|  0%| F|  |TAMS 0x00000000fd100000, 0x00000000fd100000| Untracked 
|  18|0x00000000fd200000, 0x00000000fd200000, 0x00000000fd300000|  0%| F|  |TAMS 0x00000000fd200000, 0x00000000fd200000| Untracked 
|  19|0x00000000fd300000, 0x00000000fd300000, 0x00000000fd400000|  0%| F|  |TAMS 0x00000000fd300000, 0x00000000fd300000| Untracked 
|  20|0x00000000fd400000, 0x00000000fd400000, 0x00000000fd500000|  0%| F|  |TAMS 0x00000000fd400000, 0x00000000fd400000| Untracked 
|  21|0x00000000fd500000, 0x00000000fd500000, 0x00000000fd600000|  0%| F|  |TAMS 0x00000000fd500000, 0x00000000fd500000| Untracked 
|  22|0x00000000fd600000, 0x00000000fd600000, 0x00000000fd700000|  0%| F|  |TAMS 0x00000000fd600000, 0x00000000fd600000| Untracked 
|  23|0x00000000fd700000, 0x00000000fd700000, 0x00000000fd800000|  0%| F|  |TAMS 0x00000000fd700000, 0x00000000fd700000| Untracked 
|  24|0x00000000fd800000, 0x00000000fd800000, 0x00000000fd900000|  0%| F|  |TAMS 0x00000000fd800000, 0x00000000fd800000| Untracked 
|  25|0x00000000fd900000, 0x00000000fd900000, 0x00000000fda00000|  0%| F|  |TAMS 0x00000000fd900000, 0x00000000fd900000| Untracked 
|  26|0x00000000fda00000, 0x00000000fda00000, 0x00000000fdb00000|  0%| F|  |TAMS 0x00000000fda00000, 0x00000000fda00000| Untracked 
|  27|0x00000000fdb00000, 0x00000000fdb00000, 0x00000000fdc00000|  0%| F|  |TAMS 0x00000000fdb00000, 0x00000000fdb00000| Untracked 
|  28|0x00000000fdc00000, 0x00000000fdc00000, 0x00000000fdd00000|  0%| F|  |TAMS 0x00000000fdc00000, 0x00000000fdc00000| Untracked 
|  29|0x00000000fdd00000, 0x00000000fdd00000, 0x00000000fde00000|  0%| F|  |TAMS 0x00000000fdd00000, 0x00000000fdd00000| Untracked 
|  30|0x00000000fde00000, 0x00000000fde00000, 0x00000000fdf00000|  0%| F|  |TAMS 0x00000000fde00000, 0x00000000fde00000| Untracked 
|  31|0x00000000fdf00000, 0x00000000fdf00000, 0x00000000fe000000|  0%| F|  |TAMS 0x00000000fdf00000, 0x00000000fdf00000| Untracked 
|  32|0x00000000fe000000, 0x00000000fe000000, 0x00000000fe100000|  0%| F|  |TAMS 0x00000000fe000000, 0x00000000fe000000| Untracked 
|  33|0x00000000fe100000, 0x00000000fe100000, 0x00000000fe200000|  0%| F|  |TAMS 0x00000000fe100000, 0x00000000fe100000| Untracked 
|  34|0x00000000fe200000, 0x00000000fe200000, 0x00000000fe300000|  0%| F|  |TAMS 0x00000000fe200000, 0x00000000fe200000| Untracked 
|  35|0x00000000fe300000, 0x00000000fe300000, 0x00000000fe400000|  0%| F|  |TAMS 0x00000000fe300000, 0x00000000fe300000| Untracked 
|  36|0x00000000fe400000, 0x00000000fe400000, 0x00000000fe500000|  0%| F|  |TAMS 0x00000000fe400000, 0x00000000fe400000| Untracked 
|  37|0x00000000fe500000, 0x00000000fe500000, 0x00000000fe600000|  0%| F|  |TAMS 0x00000000fe500000, 0x00000000fe500000| Untracked 
|  38|0x00000000fe600000, 0x00000000fe600000, 0x00000000fe700000|  0%| F|  |TAMS 0x00000000fe600000, 0x00000000fe600000| Untracked 
|  39|0x00000000fe700000, 0x00000000fe700000, 0x00000000fe800000|  0%| F|  |TAMS 0x00000000fe700000, 0x00000000fe700000| Untracked 
|  40|0x00000000fe800000, 0x00000000fe800000, 0x00000000fe900000|  0%| F|  |TAMS 0x00000000fe800000, 0x00000000fe800000| Untracked 
|  41|0x00000000fe900000, 0x00000000fe900000, 0x00000000fea00000|  0%| F|  |TAMS 0x00000000fe900000, 0x00000000fe900000| Untracked 
|  42|0x00000000fea00000, 0x00000000fea00000, 0x00000000feb00000|  0%| F|  |TAMS 0x00000000fea00000, 0x00000000fea00000| Untracked 
|  43|0x00000000feb00000, 0x00000000feb00000, 0x00000000fec00000|  0%| F|  |TAMS 0x00000000feb00000, 0x00000000feb00000| Untracked 
|  44|0x00000000fec00000, 0x00000000fec00000, 0x00000000fed00000|  0%| F|  |TAMS 0x00000000fec00000, 0x00000000fec00000| Untracked 
|  45|0x00000000fed00000, 0x00000000fed00000, 0x00000000fee00000|  0%| F|  |TAMS 0x00000000fed00000, 0x00000000fed00000| Untracked 
|  46|0x00000000fee00000, 0x00000000fee00000, 0x00000000fef00000|  0%| F|  |TAMS 0x00000000fee00000, 0x00000000fee00000| Untracked 
|  47|0x00000000fef00000, 0x00000000fef00000, 0x00000000ff000000|  0%| F|  |TAMS 0x00000000fef00000, 0x00000000fef00000| Untracked 
|  48|0x00000000ff000000, 0x00000000ff000000, 0x00000000ff100000|  0%| F|  |TAMS 0x00000000ff000000, 0x00000000ff000000| Untracked 
|  49|0x00000000ff100000, 0x00000000ff200000, 0x00000000ff200000|100%| E|  |TAMS 0x00000000ff100000, 0x00000000ff100000| Complete 
|  50|0x00000000ff200000, 0x00000000ff300000, 0x00000000ff300000|100%| E|CS|TAMS 0x00000000ff200000, 0x00000000ff200000| Complete 
|  51|0x00000000ff300000, 0x00000000ff400000, 0x00000000ff400000|100%| E|CS|TAMS 0x00000000ff300000, 0x00000000ff300000| Complete 
|  52|0x00000000ff400000, 0x00000000ff500000, 0x00000000ff500000|100%| S|CS|TAMS 0x00000000ff400000, 0x00000000ff400000| Complete 
|  53|0x00000000ff500000, 0x00000000ff600000, 0x00000000ff600000|100%| S|CS|TAMS 0x00000000ff500000, 0x00000000ff500000| Complete 
|  54|0x00000000ff600000, 0x00000000ff700000, 0x00000000ff700000|100%| E|CS|TAMS 0x00000000ff600000, 0x00000000ff600000| Complete 
|  55|0x00000000ff700000, 0x00000000ff800000, 0x00000000ff800000|100%| E|CS|TAMS 0x00000000ff700000, 0x00000000ff700000| Complete 
|  56|0x00000000ff800000, 0x00000000ff900000, 0x00000000ff900000|100%| E|CS|TAMS 0x00000000ff800000, 0x00000000ff800000| Complete 
|  57|0x00000000ff900000, 0x00000000ffa00000, 0x00000000ffa00000|100%| E|CS|TAMS 0x00000000ff900000, 0x00000000ff900000| Complete 
|  58|0x00000000ffa00000, 0x00000000ffb00000, 0x00000000ffb00000|100%| E|CS|TAMS 0x00000000ffa00000, 0x00000000ffa00000| Complete 
|  59|0x00000000ffb00000, 0x00000000ffc00000, 0x00000000ffc00000|100%| E|CS|TAMS 0x00000000ffb00000, 0x00000000ffb00000| Complete 
|  60|0x00000000ffc00000, 0x00000000ffd00000, 0x00000000ffd00000|100%| E|CS|TAMS 0x00000000ffc00000, 0x00000000ffc00000| Complete 
|  61|0x00000000ffd00000, 0x00000000ffe00000, 0x00000000ffe00000|100%| E|CS|TAMS 0x00000000ffd00000, 0x00000000ffd00000| Complete 
|  62|0x00000000ffe00000, 0x00000000fff00000, 0x00000000fff00000|100%| E|CS|TAMS 0x00000000ffe00000, 0x00000000ffe00000| Complete 
|  63|0x00000000fff00000, 0x0000000100000000, 0x0000000100000000|100%| E|CS|TAMS 0x00000000fff00000, 0x00000000fff00000| Complete 

Card table byte_map: [0x0000027297d10000,0x0000027297d30000] _byte_map_base: 0x0000027297530000

Marking Bits (Prev, Next): (CMBitMap*) 0x00000272fa9d2b48, (CMBitMap*) 0x00000272fa9d2b80
 Prev Bits: [0x0000027297d50000, 0x0000027297e50000)
 Next Bits: [0x0000027297e50000, 0x0000027297f50000)

Polling page: 0x0000027280000000

Metaspace:

Usage:
  Non-class:     11.59 MB capacity,    11.40 MB ( 98%) used,   180.73 KB (  2%) free+waste,    18.31 KB ( <1%) overhead. 
      Class:      1.56 MB capacity,     1.44 MB ( 92%) used,   111.14 KB (  7%) free+waste,     9.13 KB ( <1%) overhead. 
       Both:     13.15 MB capacity,    12.84 MB ( 98%) used,   291.87 KB (  2%) free+waste,    27.44 KB ( <1%) overhead. 

Virtual space:
  Non-class space:       12.00 MB reserved,      11.75 MB ( 98%) committed 
      Class space:        1.00 GB reserved,       1.63 MB ( <1%) committed 
             Both:        1.01 GB reserved,      13.38 MB (  1%) committed 

Chunk freelists:
   Non-Class:  34.00 KB
       Class:  1.00 KB
        Both:  35.00 KB

MaxMetaspaceSize: 17179869184.00 GB
CompressedClassSpaceSize: 1.00 GB
Initial GC threshold: 20.80 MB
Current GC threshold: 20.80 MB
CDS: off

CodeHeap 'non-profiled nmethods': size=120064Kb used=437Kb max_used=437Kb free=119626Kb
 bounds [0x0000027290180000, 0x00000272903f0000, 0x00000272976c0000]
CodeHeap 'profiled nmethods': size=120000Kb used=1996Kb max_used=1996Kb free=118004Kb
 bounds [0x0000027288c50000, 0x0000027288ec0000, 0x0000027290180000]
CodeHeap 'non-nmethods': size=5696Kb used=1140Kb max_used=1156Kb free=4555Kb
 bounds [0x00000272886c0000, 0x0000027288930000, 0x0000027288c50000]
 total_blobs=1451 nmethods=1055 adapters=309
 compilation: enabled
              stopped_count=0, restarted_count=0
 full_count=0

Compilation events (20 events):
Event: 1.593 Thread 0x000002729ad6e800 1042       3       java.lang.invoke.MethodHandles$Lookup::isClassAccessible (32 bytes)
Event: 1.594 Thread 0x000002729ad6e800 nmethod 1042 0x0000027288e3ce90 code [0x0000027288e3d080, 0x0000027288e3d478]
Event: 1.599 Thread 0x000002729ad6e800 1043       3       java.util.HashMap$EntryIterator::next (5 bytes)
Event: 1.599 Thread 0x000002729ad6e800 nmethod 1043 0x0000027288e3d610 code [0x0000027288e3d7e0, 0x0000027288e3d968]
Event: 1.599 Thread 0x000002729ad6e800 1044       3       java.util.HashMap$EntryIterator::next (5 bytes)
Event: 1.599 Thread 0x000002729ad6e800 nmethod 1044 0x0000027288e3da10 code [0x0000027288e3dbc0, 0x0000027288e3dce8]
Event: 1.599 Thread 0x000002729ad6e800 1045       3       java.lang.ProcessEnvironment$CheckedEntrySet$1::hasNext (10 bytes)
Event: 1.600 Thread 0x000002729ad6e800 nmethod 1045 0x0000027288e3dd90 code [0x0000027288e3df40, 0x0000027288e3e108]
Event: 1.600 Thread 0x000002729ad6e800 1046       3       sun.net.www.ParseUtil::match (50 bytes)
Event: 1.601 Thread 0x000002729ad6e800 nmethod 1046 0x0000027288e3e210 code [0x0000027288e3e3c0, 0x0000027288e3e618]
Event: 1.606 Thread 0x000002729ad6e800 1047       3       java.util.LinkedList$ListItr::checkForComodification (23 bytes)
Event: 1.607 Thread 0x000002729ad6e800 nmethod 1047 0x0000027288e3e690 code [0x0000027288e3e860, 0x0000027288e3ea28]
Event: 1.617 Thread 0x000002729ad6e800 1049       3       java.util.LinkedList$ListItr::next (56 bytes)
Event: 1.618 Thread 0x000002729ad6e800 nmethod 1049 0x0000027288e3eb10 code [0x0000027288e3ed00, 0x0000027288e3f1b8]
Event: 1.619 Thread 0x000002729ad6e800 1050       3       sun.reflect.generics.parser.SignatureParser::skipIdentifier (67 bytes)
Event: 1.620 Thread 0x000002729ad6e800 nmethod 1050 0x0000027288e3f390 code [0x0000027288e3f5a0, 0x0000027288e3fb28]
Event: 1.620 Thread 0x000002729ad6e800 1052       3       java.lang.Class::reflectionData (43 bytes)
Event: 1.620 Thread 0x000002729ad6e800 nmethod 1052 0x0000027288e3fd10 code [0x0000027288e3fee0, 0x0000027288e402b8]
Event: 1.620 Thread 0x000002729ad6e800 1051       1       java.lang.reflect.Method::getGenericSignature (5 bytes)
Event: 1.620 Thread 0x000002729ad6e800 nmethod 1051 0x00000272901ea990 code [0x00000272901eab40, 0x00000272901eabf8]

GC Heap History (4 events):
Event: 0.710 GC heap before
{Heap before GC invocations=0 (full 0):
 garbage-first heap   total 65536K, used 16384K [0x00000000fc000000, 0x0000000100000000)
  region size 1024K, 14 young (14336K), 0 survivors (0K)
 Metaspace       used 7661K, capacity 7825K, committed 7936K, reserved 1056768K
  class space    used 673K, capacity 754K, committed 768K, reserved 1048576K
}
Event: 0.718 GC heap after
{Heap after GC invocations=1 (full 0):
 garbage-first heap   total 65536K, used 3182K [0x00000000fc000000, 0x0000000100000000)
  region size 1024K, 2 young (2048K), 2 survivors (2048K)
 Metaspace       used 7661K, capacity 7825K, committed 7936K, reserved 1056768K
  class space    used 673K, capacity 754K, committed 768K, reserved 1048576K
}
Event: 1.164 GC heap before
{Heap before GC invocations=1 (full 0):
 garbage-first heap   total 65536K, used 15470K [0x00000000fc000000, 0x0000000100000000)
  region size 1024K, 12 young (12288K), 2 survivors (2048K)
 Metaspace       used 10257K, capacity 10478K, committed 10624K, reserved 1058816K
  class space    used 1039K, capacity 1129K, committed 1152K, reserved 1048576K
}
Event: 1.171 GC heap after
{Heap after GC invocations=2 (full 0):
 garbage-first heap   total 65536K, used 9377K [0x00000000fc000000, 0x0000000100000000)
  region size 1024K, 2 young (2048K), 2 survivors (2048K)
 Metaspace       used 10257K, capacity 10478K, committed 10624K, reserved 1058816K
  class space    used 1039K, capacity 1129K, committed 1152K, reserved 1048576K
}

Deoptimization events (20 events):
Event: 1.106 Thread 0x00000272fa9b2800 DEOPT PACKING pc=0x000002729019de2c sp=0x000000ab3bafcc00
Event: 1.106 Thread 0x00000272fa9b2800 DEOPT UNPACKING pc=0x000002728870a1af sp=0x000000ab3bafcb98 mode 2
Event: 1.110 Thread 0x00000272fa9b2800 Uncommon trap: trap_request=0xffffff4d fr.pc=0x000002729018dc74 relative=0x0000000000000054
Event: 1.110 Thread 0x00000272fa9b2800 Uncommon trap: reason=unstable_if action=reinterpret pc=0x000002729018dc74 method=java.util.regex.Pattern.has(I)Z @ 6 c2
Event: 1.110 Thread 0x00000272fa9b2800 DEOPT PACKING pc=0x000002729018dc74 sp=0x000000ab3bafc9e0
Event: 1.110 Thread 0x00000272fa9b2800 DEOPT UNPACKING pc=0x000002728870a1af sp=0x000000ab3bafc970 mode 2
Event: 1.115 Thread 0x00000272fa9b2800 Uncommon trap: trap_request=0xffffff4d fr.pc=0x00000272901c4880 relative=0x0000000000000240
Event: 1.115 Thread 0x00000272fa9b2800 Uncommon trap: reason=unstable_if action=reinterpret pc=0x00000272901c4880 method=java.util.HashMap.hash(Ljava/lang/Object;)I @ 1 c2
Event: 1.115 Thread 0x00000272fa9b2800 DEOPT PACKING pc=0x00000272901c4880 sp=0x000000ab3bafccd0
Event: 1.115 Thread 0x00000272fa9b2800 DEOPT UNPACKING pc=0x000002728870a1af sp=0x000000ab3bafcc08 mode 2
Event: 1.143 Thread 0x00000272fa9b2800 Uncommon trap: trap_request=0xffffff4d fr.pc=0x00000272901c8844 relative=0x0000000000001384
Event: 1.143 Thread 0x00000272fa9b2800 Uncommon trap: reason=unstable_if action=reinterpret pc=0x00000272901c8844 method=java.io.WinNTFileSystem.normalize(Ljava/lang/String;)Ljava/lang/String; @ 40 c2
Event: 1.143 Thread 0x00000272fa9b2800 DEOPT PACKING pc=0x00000272901c8844 sp=0x000000ab3bafb9a0
Event: 1.143 Thread 0x00000272fa9b2800 DEOPT UNPACKING pc=0x000002728870a1af sp=0x000000ab3bafb978 mode 2
Event: 1.275 Thread 0x00000272fa9b2800 Uncommon trap: trap_request=0xffffff4d fr.pc=0x00000272901a19cc relative=0x00000000000008ac
Event: 1.275 Thread 0x00000272fa9b2800 Uncommon trap: reason=unstable_if action=reinterpret pc=0x00000272901a19cc method=java.io.WinNTFileSystem.resolve(Ljava/lang/String;Ljava/lang/String;)Ljava/lang/String; @ 70 c2
Event: 1.275 Thread 0x00000272fa9b2800 DEOPT PACKING pc=0x00000272901a19cc sp=0x000000ab3bafbb30
Event: 1.275 Thread 0x00000272fa9b2800 DEOPT UNPACKING pc=0x000002728870a1af sp=0x000000ab3bafbac0 mode 2
Event: 1.506 Thread 0x00000272fa9b2800 DEOPT PACKING pc=0x0000027288cf627f sp=0x000000ab3baf9950
Event: 1.506 Thread 0x00000272fa9b2800 DEOPT UNPACKING pc=0x000002728870a95e sp=0x000000ab3baf8da0 mode 0

Classes redefined (0 events):
No events

Internal exceptions (10 events):
Event: 0.287 Thread 0x00000272fa9b2800 Exception <a 'java/lang/NoSuchMethodError'{0x00000000ffc51c00}: 'int java.lang.invoke.DirectMethodHandle$Holder.invokeStaticInit(java.lang.Object, java.lang.Object)'> (0x00000000ffc51c00) thrown at [./src/hotspot/share/interpreter/linkResolver.cpp, line 773]
Event: 0.341 Thread 0x00000272fa9b2800 Exception <a 'java/lang/NoSuchMethodError'{0x00000000ffb265d8}: 'int java.lang.invoke.DirectMethodHandle$Holder.invokeSpecial(java.lang.Object, java.lang.Object, java.lang.Object, java.lang.Object)'> (0x00000000ffb265d8) thrown at [./src/hotspot/share/interpreter/linkResolver.cpp, line 773]
Event: 0.353 Thread 0x00000272fa9b2800 Exception <a 'java/lang/NoSuchMethodError'{0x00000000ffb5f460}: 'int java.lang.invoke.DirectMethodHandle$Holder.invokeSpecialIFC(java.lang.Object, java.lang.Object, int)'> (0x00000000ffb5f460) thrown at [./src/hotspot/share/interpreter/linkResolver.cpp, line 773]
Event: 1.115 Thread 0x00000272fa9b2800 Implicit null exception at 0x00000272901c4675 to 0x00000272901c4870
Event: 1.148 Thread 0x00000272fa9b2800 Exception <a 'java/lang/NoClassDefFoundError'{0x00000000ff6811d0}: org/slf4j/impl/StaticMarkerBinder> (0x00000000ff6811d0) thrown at [./src/hotspot/share/classfile/systemDictionary.cpp, line 219]
Event: 1.191 Thread 0x00000272fa9b2800 Exception <a 'java/lang/NoSuchMethodError'{0x00000000fff7fb40}: 'java.lang.Object java.lang.invoke.DirectMethodHandle$Holder.invokeVirtual(java.lang.Object, java.lang.Object, java.lang.Object, java.lang.Object, java.lang.Object, java.lang.Object, java.lang.Object)'> (0x00000000fff7fb40) thrown at [./src/hotspot/share/interpreter/linkResolver.cpp, line 773]
Event: 1.197 Thread 0x00000272fa9b2800 Exception <a 'java/lang/NoSuchMethodError'{0x00000000fffa9370}: 'java.lang.Object java.lang.invoke.Invokers$Holder.invoker(java.lang.Object, java.lang.Object, java.lang.Object)'> (0x00000000fffa9370) thrown at [./src/hotspot/share/interpreter/linkResolver.cpp, line 773]
Event: 1.203 Thread 0x00000272fa9b2800 Exception <a 'java/lang/NoSuchMethodError'{0x00000000fffb9ec8}: 'void java.lang.invoke.DelegatingMethodHandle$Holder.delegate(java.lang.Object, java.lang.Object, int, java.lang.Object)'> (0x00000000fffb9ec8) thrown at [./src/hotspot/share/interpreter/linkResolver.cpp, line 773]
Event: 1.472 Thread 0x00000272fa9b2800 Exception <a 'java/lang/NoSuchMethodError'{0x00000000ff738528}: 'java.lang.Object java.lang.invoke.DirectMethodHandle$Holder.invokeInterface(java.lang.Object, java.lang.Object, java.lang.Object)'> (0x00000000ff738528) thrown at [./src/hotspot/share/interpreter/linkResolver.cpp, line 773]
Event: 1.582 Thread 0x00000272fa9b2800 Exception <a 'java/lang/NoSuchMethodError'{0x00000000ff22e770}: 'java.lang.Object java.lang.invoke.DirectMethodHandle$Holder.invokeStaticInit(java.lang.Object, java.lang.Object, java.lang.Object)'> (0x00000000ff22e770) thrown at [./src/hotspot/share/interpreter/linkResolver.cpp, line 773]

Events (20 events):
Event: 1.615 loading class org/gradle/launcher/daemon/client/ReportDaemonStatusClient
Event: 1.615 loading class org/gradle/launcher/daemon/client/ReportDaemonStatusClient done
Event: 1.615 loading class org/gradle/launcher/daemon/client/DaemonStopClient
Event: 1.615 loading class org/gradle/launcher/daemon/client/DaemonStopClient done
Event: 1.616 loading class org/gradle/launcher/daemon/context/DaemonContext
Event: 1.616 loading class org/gradle/launcher/daemon/context/DaemonContext done
Event: 1.616 loading class org/gradle/launcher/daemon/client/DaemonClient
Event: 1.616 loading class org/gradle/launcher/daemon/client/DaemonClient done
Event: 1.617 loading class java/util/UUID
Event: 1.618 loading class java/util/UUID done
Event: 1.619 loading class org/gradle/launcher/daemon/registry/DaemonRegistryServices
Event: 1.619 loading class org/gradle/launcher/daemon/registry/DaemonRegistryServices done
Event: 1.620 loading class org/gradle/cache/Cache
Event: 1.620 loading class org/gradle/cache/Cache done
Event: 1.622 loading class org/gradle/cache/internal/CacheAccessSerializer
Event: 1.622 loading class org/gradle/cache/internal/CacheAccessSerializer done
Event: 1.624 loading class org/gradle/cache/internal/MapBackedCache
Event: 1.624 loading class org/gradle/cache/internal/MapBackedCache done
Event: 1.624 loading class org/gradle/cache/internal/CacheSupport
Event: 1.624 loading class org/gradle/cache/internal/CacheSupport done


Dynamic libraries:
0x00007ff6d8090000 - 0x00007ff6d809d000 	C:\Program Files\Microsoft\jdk-11.0.18.10-hotspot\bin\java.exe
0x00007ffb86330000 - 0x00007ffb86528000 	C:\Windows\SYSTEM32\ntdll.dll
0x00007ffb85550000 - 0x00007ffb8560f000 	C:\Windows\System32\KERNEL32.DLL
0x00007ffb83de0000 - 0x00007ffb840b2000 	C:\Windows\System32\KERNELBASE.dll
0x00007ffb84270000 - 0x00007ffb84370000 	C:\Windows\System32\ucrtbase.dll
0x00007ffb5dff0000 - 0x00007ffb5e007000 	C:\Program Files\Microsoft\jdk-11.0.18.10-hotspot\bin\jli.dll
0x00007ffb62c80000 - 0x00007ffb62c95000 	C:\Program Files\Microsoft\jdk-11.0.18.10-hotspot\bin\VCRUNTIME140.dll
0x00007ffb84d80000 - 0x00007ffb84f21000 	C:\Windows\System32\USER32.dll
0x00007ffb70d40000 - 0x00007ffb70fda000 	C:\Windows\WinSxS\amd64_microsoft.windows.common-controls_6595b64144ccf1df_6.0.19041.1110_none_60b5254171f9507e\COMCTL32.dll
0x00007ffb83ba0000 - 0x00007ffb83bc2000 	C:\Windows\System32\win32u.dll
0x00007ffb84bb0000 - 0x00007ffb84c4e000 	C:\Windows\System32\msvcrt.dll
0x00007ffb84f90000 - 0x00007ffb84fbb000 	C:\Windows\System32\GDI32.dll
0x00007ffb840c0000 - 0x00007ffb841cf000 	C:\Windows\System32\gdi32full.dll
0x00007ffb83a70000 - 0x00007ffb83b0d000 	C:\Windows\System32\msvcp_win.dll
0x00007ffb84fc0000 - 0x00007ffb84ff2000 	C:\Windows\System32\IMM32.DLL
0x00007ffb437b0000 - 0x00007ffb4384b000 	C:\Program Files\Microsoft\jdk-11.0.18.10-hotspot\bin\msvcp140.dll
0x00007ffb0adc0000 - 0x00007ffb0b952000 	C:\Program Files\Microsoft\jdk-11.0.18.10-hotspot\bin\server\jvm.dll
0x00007ffb84cd0000 - 0x00007ffb84d7e000 	C:\Windows\System32\ADVAPI32.dll
0x00007ffb858c0000 - 0x00007ffb8595c000 	C:\Windows\System32\sechost.dll
0x00007ffb856c0000 - 0x00007ffb857e5000 	C:\Windows\System32\RPCRT4.dll
0x00007ffb85320000 - 0x00007ffb85328000 	C:\Windows\System32\PSAPI.DLL
0x00007ffb725b0000 - 0x00007ffb725d7000 	C:\Windows\SYSTEM32\WINMM.dll
0x00007ffb71820000 - 0x00007ffb71829000 	C:\Windows\SYSTEM32\WSOCK32.dll
0x00007ffb76a70000 - 0x00007ffb76a7a000 	C:\Windows\SYSTEM32\VERSION.dll
0x00007ffb85120000 - 0x00007ffb8518b000 	C:\Windows\System32\WS2_32.dll
0x00007ffb81800000 - 0x00007ffb81812000 	C:\Windows\SYSTEM32\kernel.appcore.dll
0x00007ffb71440000 - 0x00007ffb71450000 	C:\Program Files\Microsoft\jdk-11.0.18.10-hotspot\bin\verify.dll
0x00007ffb7d890000 - 0x00007ffb7da74000 	C:\Windows\SYSTEM32\DBGHELP.DLL
0x00007ffb7d500000 - 0x00007ffb7d535000 	C:\Windows\SYSTEM32\dbgcore.DLL
0x00007ffb83b10000 - 0x00007ffb83b92000 	C:\Windows\System32\bcryptPrimitives.dll
0x00007ffb476b0000 - 0x00007ffb476d8000 	C:\Program Files\Microsoft\jdk-11.0.18.10-hotspot\bin\java.dll
0x00007ffb713e0000 - 0x00007ffb713ea000 	C:\Program Files\Microsoft\jdk-11.0.18.10-hotspot\bin\jimage.dll
0x00007ffb58ee0000 - 0x00007ffb58ef8000 	C:\Program Files\Microsoft\jdk-11.0.18.10-hotspot\bin\zip.dll
0x00007ffb85960000 - 0x00007ffb860a4000 	C:\Windows\System32\SHELL32.dll
0x00007ffb81ae0000 - 0x00007ffb82272000 	C:\Windows\SYSTEM32\windows.storage.dll
0x00007ffb84370000 - 0x00007ffb846c5000 	C:\Windows\System32\combase.dll
0x00007ffb83480000 - 0x00007ffb834b0000 	C:\Windows\SYSTEM32\Wldp.dll
0x00007ffb85270000 - 0x00007ffb8531d000 	C:\Windows\System32\SHCORE.dll
0x00007ffb84c70000 - 0x00007ffb84cc5000 	C:\Windows\System32\shlwapi.dll
0x00007ffb83960000 - 0x00007ffb8397f000 	C:\Windows\SYSTEM32\profapi.dll
0x00007ffb583e0000 - 0x00007ffb583f9000 	C:\Program Files\Microsoft\jdk-11.0.18.10-hotspot\bin\net.dll
0x00007ffb7c5b0000 - 0x00007ffb7c6bc000 	C:\Windows\SYSTEM32\WINHTTP.dll
0x00007ffb831e0000 - 0x00007ffb8324a000 	C:\Windows\system32\mswsock.dll
0x00007ffb58280000 - 0x00007ffb58293000 	C:\Program Files\Microsoft\jdk-11.0.18.10-hotspot\bin\nio.dll
0x00007ffb5b3b0000 - 0x00007ffb5b3d7000 	C:\Users\Samoon\.gradle\native\e1d6ef7f7dcc3fd88c89a11ec53ec762bb8ba0a96d01ffa2cd45eb1d1d8dd5c5\windows-amd64\native-platform.dll
0x00007ffb7a070000 - 0x00007ffb7a07a000 	C:\Users\Samoon\.gradle\native\jansi\1.18\windows64\jansi.dll
0x00007ffb66360000 - 0x00007ffb66369000 	C:\Program Files\Microsoft\jdk-11.0.18.10-hotspot\bin\management.dll
0x00007ffb64870000 - 0x00007ffb6487b000 	C:\Program Files\Microsoft\jdk-11.0.18.10-hotspot\bin\management_ext.dll

dbghelp: loaded successfully - version: 4.0.5 - missing functions: none
symbol engine: initialized successfully - sym options: 0x614 - pdb path: .;C:\Program Files\Microsoft\jdk-11.0.18.10-hotspot\bin;C:\Windows\SYSTEM32;C:\Windows\WinSxS\amd64_microsoft.windows.common-controls_6595b64144ccf1df_6.0.19041.1110_none_60b5254171f9507e;C:\Program Files\Microsoft\jdk-11.0.18.10-hotspot\bin\server;C:\Users\Samoon\.gradle\native\e1d6ef7f7dcc3fd88c89a11ec53ec762bb8ba0a96d01ffa2cd45eb1d1d8dd5c5\windows-amd64;C:\Users\Samoon\.gradle\native\jansi\1.18\windows64

VM Arguments:
jvm_args: -Xmx64m -Xms64m -Dorg.gradle.appname=gradlew 
java_command: org.gradle.wrapper.GradleWrapperMain app:installDebug -PreactNativeDevServerPort=8081
java_class_path (initial): C:\Users\Samoon\Desktop\React Native App\Food Delievery App\foodDApp\android\\gradle\wrapper\gradle-wrapper.jar
Launcher Type: SUN_STANDARD

[Global flags]
     intx CICompilerCount                          = 3                                         {product} {ergonomic}
     uint ConcGCThreads                            = 1                                         {product} {ergonomic}
     uint G1ConcRefinementThreads                  = 4                                         {product} {ergonomic}
   size_t G1HeapRegionSize                         = 1048576                                   {product} {ergonomic}
    uintx GCDrainStackTargetSize                   = 64                                        {product} {ergonomic}
   size_t InitialHeapSize                          = 67108864                                  {product} {command line}
   size_t MarkStackSize                            = 4194304                                   {product} {ergonomic}
   size_t MaxHeapSize                              = 67108864                                  {product} {command line}
   size_t MaxNewSize                               = 39845888                                  {product} {ergonomic}
   size_t MinHeapDeltaBytes                        = 1048576                                   {product} {ergonomic}
    uintx NonNMethodCodeHeapSize                   = 5830732                                {pd product} {ergonomic}
    uintx NonProfiledCodeHeapSize                  = 122913754                              {pd product} {ergonomic}
    uintx ProfiledCodeHeapSize                     = 122913754                              {pd product} {ergonomic}
    uintx ReservedCodeCacheSize                    = 251658240                              {pd product} {ergonomic}
     bool SegmentedCodeCache                       = true                                      {product} {ergonomic}
     bool UseCompressedClassPointers               = true                                 {lp64_product} {ergonomic}
     bool UseCompressedOops                        = true                                 {lp64_product} {ergonomic}
     bool UseG1GC                                  = true                                      {product} {ergonomic}
     bool UseLargePagesIndividualAllocation        = false                                  {pd product} {ergonomic}

Logging:
Log output configuration:
 #0: stdout all=warning uptime,level,tags
 #1: stderr all=off uptime,level,tags

Environment Variables:
JAVA_HOME=C:\Program Files\Microsoft\jdk-11.0.18.10-hotspot\
CLASSPATH=C:\Users\Samoon\Desktop\React Native App\Food Delievery App\foodDApp\android\\gradle\wrapper\gradle-wrapper.jar
PATH=C:\Users\Samoon\Desktop\React Native App\Food Delievery App\foodDApp\android\node_modules\.bin;C:\Users\Samoon\Desktop\React Native App\Food Delievery App\foodDApp\node_modules\.bin;C:\Users\Samoon\Desktop\React Native App\Food Delievery App\node_modules\.bin;C:\Users\Samoon\Desktop\React Native App\node_modules\.bin;C:\Users\Samoon\Desktop\node_modules\.bin;C:\Users\Samoon\node_modules\.bin;C:\Users\node_modules\.bin;C:\node_modules\.bin;C:\Program Files\nodejs;C:\Users\Samoon\AppData\Local\Temp\yarn--1675707655704-0.2639261852278696;C:\Users\Samoon\Desktop\React Native App\Food Delievery App\foodDApp\node_modules\.bin;C:\Users\Samoon\AppData\Local\Yarn\Data\link\node_modules\.bin;C:\Users\Samoon\AppData\Local\Yarn\bin;C:\Program Files\libexec\lib\node_modules\npm\bin\node-gyp-bin;C:\Program Files\lib\node_modules\npm\bin\node-gyp-bin;C:\Program Files\nodejs\node_modules\npm\bin\node-gyp-bin;C:\Program Files\Common Files\Oracle\Java\javapath;C:\Program Files\Microsoft\jdk-11.0.18.10-hotspot\bin;C:\Python311\Scripts\;C:\Python311\;C:\Program Files (x86)\Common Files\Intel\Shared Libraries\redist\intel64\compiler;C:\Windows\system32;C:\Windows;C:\Windows\System32\Wbem;C:\Windows\System32\WindowsPowerShell\v1.0\;C:\Windows\System32\OpenSSH\;C:\Program Files\nodejs\;C:\ProgramData\chocolatey\bin;C:\Users\Samoon\AppData\Local\Android\Sdk\platform-tools;C:\Users\Samoon\AppData\Local\Microsoft\WindowsApps;C:\Users\Samoon\AppData\Local\Programs\Microsoft VS Code\bin;C:\Users\Samoon\AppData\Roaming\npm;C:\Users\Samoon\AppData\Local\Programs\Git\cmd
USERNAME=Samoon
OS=Windows_NT
PROCESSOR_IDENTIFIER=Intel64 Family 6 Model 69 Stepping 1, GenuineIntel
TMP=C:\Users\Samoon\AppData\Local\Temp
TEMP=C:\Users\Samoon\AppData\Local\Temp



---------------  S Y S T E M  ---------------

OS: Windows 10 , 64 bit Build 19041 (10.0.19041.2364)
OS uptime: 6 days 12:59 hours

CPU:total 4 (initial active 4) (2 cores per cpu, 2 threads per core) family 6 model 69 stepping 1 microcode 0x25, cmov, cx8, fxsr, mmx, sse, sse2, sse3, ssse3, sse4.1, sse4.2, popcnt, avx, avx2, aes, clmul, erms, lzcnt, ht, tsc, tscinvbit, bmi1, bmi2, fma

Memory: 4k page, system-wide physical 8113M (787M free)
TotalPageFile size 18113M (AvailPageFile size 2M)
current process WorkingSet (physical memory assigned to process): 89M, peak: 89M
current process commit charge ("private bytes"): 164M, peak: 165M

vm_info: OpenJDK 64-Bit Server VM (11.0.18+10-LTS) for windows-amd64 JRE (11.0.18+10-LTS), built on Jan 18 2023 15:56:47 by "MicrosoftCorporation" with MS VC++ 15.9 (VS2017)

END.
