#
# There is insufficient memory for the Java Runtime Environment to continue.
# Native memory allocation (mmap) failed to map 67108864 bytes for Failed to commit area from 0x00000000fc000000 to 0x0000000100000000 of length 67108864.
# Possible reasons:
#   The system is out of physical RAM or swap space
#   The process is running with CompressedOops enabled, and the Java Heap may be blocking the growth of the native heap
# Possible solutions:
#   Reduce memory load on the system
#   Increase physical memory or swap space
#   Check if swap backing store is full
#   Decrease Java heap size (-Xmx/-Xms)
#   Decrease number of Java threads
#   Decrease Java thread stack sizes (-Xss)
#   Set larger code cache with -XX:ReservedCodeCacheSize=
# This output file may be truncated or incomplete.
#
#  Out of Memory Error (./src/hotspot/os/windows/os_windows.cpp:3386), pid=10196, tid=8828
#
# JRE version:  (11.0.18+10) (build )
# Java VM: OpenJDK 64-Bit Server VM (11.0.18+10-LTS, mixed mode, sharing, tiered, compressed oops, g1 gc, windows-amd64)
# No core dump will be written. Minidumps are not enabled by default on client versions of Windows
#

---------------  S U M M A R Y ------------

Command Line: -Xmx64m -Xms64m -Dorg.gradle.appname=gradlew org.gradle.wrapper.GradleWrapperMain app:installDebug -PreactNativeDevServerPort=8081

Host: Intel(R) Core(TM) i5-4200U CPU @ 1.60GHz, 4 cores, 7G,  Windows 10 , 64 bit Build 19041 (10.0.19041.2364)
Time: Mon Feb  6 23:22:48 2023 Pakistan Standard Time elapsed time: 0.029742 seconds (0d 0h 0m 0s)

---------------  T H R E A D  ---------------

Current thread (0x000002c4a7954800):  JavaThread "Unknown thread" [_thread_in_vm, id=8828, stack(0x000000cf82e00000,0x000000cf82f00000)]

Stack: [0x000000cf82e00000,0x000000cf82f00000]
Native frames: (J=compiled Java code, j=interpreted, Vv=VM code, C=native code)
V  [jvm.dll+0x62bf8a]
V  [jvm.dll+0x7b8fb9]
V  [jvm.dll+0x7ba6a8]
V  [jvm.dll+0x7bad83]
V  [jvm.dll+0x250248]
V  [jvm.dll+0x62929a]
V  [jvm.dll+0x61d855]
V  [jvm.dll+0x30c32c]
V  [jvm.dll+0x30c1b2]
V  [jvm.dll+0x310ec6]
V  [jvm.dll+0x356f0f]
V  [jvm.dll+0x356940]
V  [jvm.dll+0x2e9348]
V  [jvm.dll+0x2ea4a6]
V  [jvm.dll+0x792e07]
V  [jvm.dll+0x79458f]
V  [jvm.dll+0x363c69]
V  [jvm.dll+0x775d70]
V  [jvm.dll+0x3d297f]
V  [jvm.dll+0x3d4d11]
C  [jli.dll+0x5207]
C  [ucrtbase.dll+0x21bb2]
C  [KERNEL32.DLL+0x17614]
C  [ntdll.dll+0x526a1]


---------------  P R O C E S S  ---------------

Threads class SMR info:
_java_thread_list=0x000002c4a58b6680, length=0, elements={
}

Java Threads: ( => current thread )

Other Threads:
  0x000002c4a796d000 GCTaskThread "GC Thread#0" [stack: 0x000000cf82f00000,0x000000cf83000000] [id=16212]
  0x000002c4a7973800 ConcurrentGCThread "G1 Main Marker" [stack: 0x000000cf83000000,0x000000cf83100000] [id=5784]
  0x000002c4a7975800 ConcurrentGCThread "G1 Conc#0" [stack: 0x000000cf83100000,0x000000cf83200000] [id=4852]

[error occurred during error reporting (printing all threads), id 0xc0000005, EXCEPTION_ACCESS_VIOLATION (0xc0000005) at pc=0x00007ffb0b0b8b17]

VM state:not at safepoint (not fully initialized)

VM Mutex/Monitor currently owned by a thread:  ([mutex/lock_event])
[0x000002c4a7951dc0] Heap_lock - owner thread: 0x000002c4a7954800

Heap address: 0x00000000fc000000, size: 64 MB, Compressed Oops mode: Non-zero based: 0x00000000fc000000
Narrow klass base: 0x0000000000000000, Narrow klass shift: 0

GC Heap History (0 events):
No events

Deoptimization events (0 events):
No events

Classes redefined (0 events):
No events

Internal exceptions (0 events):
No events

Events (1 events):
Event: 0.012 Loaded shared library C:\Program Files\Microsoft\jdk-11.0.18.10-hotspot\bin\zip.dll


Dynamic libraries:
0x00007ff6d8090000 - 0x00007ff6d809d000 	C:\Program Files\Microsoft\jdk-11.0.18.10-hotspot\bin\java.exe
0x00007ffb86330000 - 0x00007ffb86528000 	C:\Windows\SYSTEM32\ntdll.dll
0x00007ffb85550000 - 0x00007ffb8560f000 	C:\Windows\System32\KERNEL32.DLL
0x00007ffb83de0000 - 0x00007ffb840b2000 	C:\Windows\System32\KERNELBASE.dll
0x00007ffb84270000 - 0x00007ffb84370000 	C:\Windows\System32\ucrtbase.dll
0x00007ffb5dff0000 - 0x00007ffb5e007000 	C:\Program Files\Microsoft\jdk-11.0.18.10-hotspot\bin\jli.dll
0x00007ffb84d80000 - 0x00007ffb84f21000 	C:\Windows\System32\USER32.dll
0x00007ffb83ba0000 - 0x00007ffb83bc2000 	C:\Windows\System32\win32u.dll
0x00007ffb84f90000 - 0x00007ffb84fbb000 	C:\Windows\System32\GDI32.dll
0x00007ffb840c0000 - 0x00007ffb841cf000 	C:\Windows\System32\gdi32full.dll
0x00007ffb83a70000 - 0x00007ffb83b0d000 	C:\Windows\System32\msvcp_win.dll
0x00007ffb62c80000 - 0x00007ffb62c95000 	C:\Program Files\Microsoft\jdk-11.0.18.10-hotspot\bin\VCRUNTIME140.dll
0x00007ffb70d40000 - 0x00007ffb70fda000 	C:\Windows\WinSxS\amd64_microsoft.windows.common-controls_6595b64144ccf1df_6.0.19041.1110_none_60b5254171f9507e\COMCTL32.dll
0x00007ffb84bb0000 - 0x00007ffb84c4e000 	C:\Windows\System32\msvcrt.dll
0x00007ffb84fc0000 - 0x00007ffb84ff2000 	C:\Windows\System32\IMM32.DLL
0x00007ffb437b0000 - 0x00007ffb4384b000 	C:\Program Files\Microsoft\jdk-11.0.18.10-hotspot\bin\msvcp140.dll
0x00007ffb0adc0000 - 0x00007ffb0b952000 	C:\Program Files\Microsoft\jdk-11.0.18.10-hotspot\bin\server\jvm.dll
0x00007ffb84cd0000 - 0x00007ffb84d7e000 	C:\Windows\System32\ADVAPI32.dll
0x00007ffb858c0000 - 0x00007ffb8595c000 	C:\Windows\System32\sechost.dll
0x00007ffb856c0000 - 0x00007ffb857e5000 	C:\Windows\System32\RPCRT4.dll
0x00007ffb85320000 - 0x00007ffb85328000 	C:\Windows\System32\PSAPI.DLL
0x00007ffb71820000 - 0x00007ffb71829000 	C:\Windows\SYSTEM32\WSOCK32.dll
0x00007ffb85120000 - 0x00007ffb8518b000 	C:\Windows\System32\WS2_32.dll
0x00007ffb725b0000 - 0x00007ffb725d7000 	C:\Windows\SYSTEM32\WINMM.dll
0x00007ffb76a70000 - 0x00007ffb76a7a000 	C:\Windows\SYSTEM32\VERSION.dll
0x00007ffb81800000 - 0x00007ffb81812000 	C:\Windows\SYSTEM32\kernel.appcore.dll
0x00007ffb71440000 - 0x00007ffb71450000 	C:\Program Files\Microsoft\jdk-11.0.18.10-hotspot\bin\verify.dll
0x00007ffb7d890000 - 0x00007ffb7da74000 	C:\Windows\SYSTEM32\DBGHELP.DLL
0x00007ffb7d500000 - 0x00007ffb7d535000 	C:\Windows\SYSTEM32\dbgcore.DLL
0x00007ffb83b10000 - 0x00007ffb83b92000 	C:\Windows\System32\bcryptPrimitives.dll
0x00007ffb476b0000 - 0x00007ffb476d8000 	C:\Program Files\Microsoft\jdk-11.0.18.10-hotspot\bin\java.dll
0x00007ffb713e0000 - 0x00007ffb713ea000 	C:\Program Files\Microsoft\jdk-11.0.18.10-hotspot\bin\jimage.dll
0x00007ffb58ee0000 - 0x00007ffb58ef8000 	C:\Program Files\Microsoft\jdk-11.0.18.10-hotspot\bin\zip.dll

dbghelp: loaded successfully - version: 4.0.5 - missing functions: none
symbol engine: initialized successfully - sym options: 0x614 - pdb path: .;C:\Program Files\Microsoft\jdk-11.0.18.10-hotspot\bin;C:\Windows\SYSTEM32;C:\Windows\WinSxS\amd64_microsoft.windows.common-controls_6595b64144ccf1df_6.0.19041.1110_none_60b5254171f9507e;C:\Program Files\Microsoft\jdk-11.0.18.10-hotspot\bin\server

VM Arguments:
jvm_args: -Xmx64m -Xms64m -Dorg.gradle.appname=gradlew 
java_command: org.gradle.wrapper.GradleWrapperMain app:installDebug -PreactNativeDevServerPort=8081
java_class_path (initial): C:\Users\Samoon\Desktop\React Native App\Food Delievery App\foodDApp\android\\gradle\wrapper\gradle-wrapper.jar
Launcher Type: SUN_STANDARD

[Global flags]
     intx CICompilerCount                          = 3                                         {product} {ergonomic}
     uint ConcGCThreads                            = 1                                         {product} {ergonomic}
     uint G1ConcRefinementThreads                  = 4                                         {product} {ergonomic}
   size_t G1HeapRegionSize                         = 1048576                                   {product} {ergonomic}
    uintx GCDrainStackTargetSize                   = 64                                        {product} {ergonomic}
   size_t InitialHeapSize                          = 67108864                                  {product} {command line}
   size_t MarkStackSize                            = 4194304                                   {product} {ergonomic}
   size_t MaxHeapSize                              = 67108864                                  {product} {command line}
   size_t MinHeapDeltaBytes                        = 1048576                                   {product} {ergonomic}
    uintx NonNMethodCodeHeapSize                   = 5830732                                {pd product} {ergonomic}
    uintx NonProfiledCodeHeapSize                  = 122913754                              {pd product} {ergonomic}
    uintx ProfiledCodeHeapSize                     = 122913754                              {pd product} {ergonomic}
    uintx ReservedCodeCacheSize                    = 251658240                              {pd product} {ergonomic}
     bool SegmentedCodeCache                       = true                                      {product} {ergonomic}
     bool UseCompressedClassPointers               = true                                 {lp64_product} {ergonomic}
     bool UseCompressedOops                        = true                                 {lp64_product} {ergonomic}
     bool UseG1GC                                  = true                                      {product} {ergonomic}
     bool UseLargePagesIndividualAllocation        = false                                  {pd product} {ergonomic}

Logging:
Log output configuration:
 #0: stdout all=warning uptime,level,tags
 #1: stderr all=off uptime,level,tags

Environment Variables:
JAVA_HOME=C:\Program Files\Microsoft\jdk-11.0.18.10-hotspot\
CLASSPATH=C:\Users\Samoon\Desktop\React Native App\Food Delievery App\foodDApp\android\\gradle\wrapper\gradle-wrapper.jar
PATH=C:\Users\Samoon\Desktop\React Native App\Food Delievery App\foodDApp\android\node_modules\.bin;C:\Users\Samoon\Desktop\React Native App\Food Delievery App\foodDApp\node_modules\.bin;C:\Users\Samoon\Desktop\React Native App\Food Delievery App\node_modules\.bin;C:\Users\Samoon\Desktop\React Native App\node_modules\.bin;C:\Users\Samoon\Desktop\node_modules\.bin;C:\Users\Samoon\node_modules\.bin;C:\Users\node_modules\.bin;C:\node_modules\.bin;C:\Program Files\nodejs;C:\Users\Samoon\AppData\Local\Temp\yarn--1675707766395-0.8914115390585788;C:\Users\Samoon\Desktop\React Native App\Food Delievery App\foodDApp\node_modules\.bin;C:\Users\Samoon\AppData\Local\Yarn\Data\link\node_modules\.bin;C:\Users\Samoon\AppData\Local\Yarn\bin;C:\Program Files\libexec\lib\node_modules\npm\bin\node-gyp-bin;C:\Program Files\lib\node_modules\npm\bin\node-gyp-bin;C:\Program Files\nodejs\node_modules\npm\bin\node-gyp-bin;C:\Program Files\Common Files\Oracle\Java\javapath;C:\Program Files\Microsoft\jdk-11.0.18.10-hotspot\bin;C:\Python311\Scripts\;C:\Python311\;C:\Program Files (x86)\Common Files\Intel\Shared Libraries\redist\intel64\compiler;C:\Windows\system32;C:\Windows;C:\Windows\System32\Wbem;C:\Windows\System32\WindowsPowerShell\v1.0\;C:\Windows\System32\OpenSSH\;C:\Program Files\nodejs\;C:\ProgramData\chocolatey\bin;C:\Users\Samoon\AppData\Local\Android\Sdk\platform-tools;C:\Users\Samoon\AppData\Local\Microsoft\WindowsApps;C:\Users\Samoon\AppData\Local\Programs\Microsoft VS Code\bin;C:\Users\Samoon\AppData\Roaming\npm;C:\Users\Samoon\AppData\Local\Programs\Git\cmd
USERNAME=Samoon
OS=Windows_NT
PROCESSOR_IDENTIFIER=Intel64 Family 6 Model 69 Stepping 1, GenuineIntel
TMP=C:\Users\Samoon\AppData\Local\Temp
TEMP=C:\Users\Samoon\AppData\Local\Temp



---------------  S Y S T E M  ---------------

OS: Windows 10 , 64 bit Build 19041 (10.0.19041.2364)
OS uptime: 6 days 13:01 hours

CPU:total 4 (initial active 4) (2 cores per cpu, 2 threads per core) family 6 model 69 stepping 1 microcode 0x25, cmov, cx8, fxsr, mmx, sse, sse2, sse3, ssse3, sse4.1, sse4.2, popcnt, avx, avx2, aes, clmul, erms, lzcnt, ht, tsc, tscinvbit, bmi1, bmi2, fma

Memory: 4k page, system-wide physical 8113M (460M free)
TotalPageFile size 18113M (AvailPageFile size 5M)
current process WorkingSet (physical memory assigned to process): 9M, peak: 9M
current process commit charge ("private bytes"): 51M, peak: 115M

vm_info: OpenJDK 64-Bit Server VM (11.0.18+10-LTS) for windows-amd64 JRE (11.0.18+10-LTS), built on Jan 18 2023 15:56:47 by "MicrosoftCorporation" with MS VC++ 15.9 (VS2017)

END.
